Added Component: Designator=C1(1608[0603])
Added Component: Designator=C2(C0805)
Added Component: Designator=C3(1608[0603])
Added Component: Designator=C6(1206_C)
Added Component: Designator=C7(C0805)
Added Component: Designator=C8(C0805)
Added Component: Designator=C9(C0805)
Added Component: Designator=C10(1608[0603])
Added Component: Designator=C13(1608[0603])
Added Component: Designator=C14(1608[0603])
Added Component: Designator=C15(1608[0603])
Added Component: Designator=C16(1608[0603])
Added Component: Designator=C17(1608[0603])
Added Component: Designator=C18(1608[0603])
Added Component: Designator=C19(C0805)
Added Component: Designator=C20(1608[0603])
Added Component: Designator=C21(1608[0603])
Added Component: Designator=C22(1608[0603])
Added Component: Designator=C23(1608[0603])
Added Component: Designator=C24(1608[0603])
Added Component: Designator=C25(1608[0603])
Added Component: Designator=C26(1608[0603])
Added Component: Designator=C28(EEE-FPV391UAP)
Added Component: Designator=C32(1608[0603])
Added Component: Designator=C33(1608[0603])
Added Component: Designator=C34(1608[0603])
Added Component: Designator=C35(1608[0603])
Added Component: Designator=C36(1608[0603])
Added Component: Designator=C37(1608[0603])
Added Component: Designator=C38(1608[0603])
Added Component: Designator=C39(1608[0603])
Added Component: Designator=D2(SOT-23B_N)
Added Component: Designator=D6(6-0805_L)
Added Component: Designator=D7(SOT-23B_N)
Added Component: Designator=D8(SOT-23B_N)
Added Component: Designator=D9(SOT-23B_N)
Added Component: Designator=L1(1608[0603])
Added Component: Designator=L2(1608[0603])
Added Component: Designator=L3(1608[0603])
Added Component: Designator=P2(MHDR2X5)
Added Component: Designator=P3(8191_K)
Added Component: Designator=P7(8191_K)
Added Component: Designator=P8(GND_CLIP)
Added Component: Designator=P9(8191_K)
Added Component: Designator=P10(8191_K)
Added Component: Designator=P11(8191_K)
Added Component: Designator=P12(HDR2X5)
Added Component: Designator=Q5(TO228P970-3_4AM)
Added Component: Designator=Q7(TO228P970-3_4AM)
Added Component: Designator=Q8(TO228P970-3_4AM)
Added Component: Designator=Q9(TO228P970-3_4AM)
Added Component: Designator=Q10(TO228P970-3_4AM)
Added Component: Designator=Q11(TO228P970-3_4AM)
Added Component: Designator=Q13(TO228P970-3_4AM)
Added Component: Designator=Q?(NXP-SOT1210_L)
Added Component: Designator=R2(1608[0603])
Added Component: Designator=R4(1608[0603])
Added Component: Designator=R7(1608[0603])
Added Component: Designator=R21(1608[0603])
Added Component: Designator=R22(1608[0603])
Added Component: Designator=R23(1608[0603])
Added Component: Designator=R24(1608[0603])
Added Component: Designator=R25(1608[0603])
Added Component: Designator=R26(1608[0603])
Added Component: Designator=R27(1608[0603])
Added Component: Designator=R28(1608[0603])
Added Component: Designator=R29(1608[0603])
Added Component: Designator=R30(1608[0603])
Added Component: Designator=R31(1608[0603])
Added Component: Designator=R32(1608[0603])
Added Component: Designator=R33(1608[0603])
Added Component: Designator=R34(1608[0603])
Added Component: Designator=R35(1608[0603])
Added Component: Designator=R36(1608[0603])
Added Component: Designator=R37(1608[0603])
Added Component: Designator=R38(1608[0603])
Added Component: Designator=R39(1608[0603])
Added Component: Designator=R40(1608[0603])
Added Component: Designator=R41(1608[0603])
Added Component: Designator=R42(1608[0603])
Added Component: Designator=R43(1608[0603])
Added Component: Designator=R44(1608[0603])
Added Component: Designator=R46(1608[0603])
Added Component: Designator=R47(1608[0603])
Added Component: Designator=R48(1608[0603])
Added Component: Designator=U2(TSQFP50P1200X1200-64M)
Added Component: Designator=U3(SOIC127P600-8BM)
Added Component: Designator=U4(SOIC127P600-8BM)
Added Component: Designator=U5(SOIC127P600-8BM)
Added Component: Designator=V1(TO228P970-3_4AM)
Added Pin To Net: NetName=5V Pin=C1-1
Added Pin To Net: NetName=GND Pin=C1-2
Added Pin To Net: NetName=5V Pin=C2-1
Added Pin To Net: NetName=GND Pin=C2-2
Added Pin To Net: NetName=GND Pin=C3-2
Added Pin To Net: NetName=5V Pin=C6-1
Added Pin To Net: NetName=GND Pin=C6-2
Added Pin To Net: NetName=GND Pin=C7-1
Added Pin To Net: NetName=GND Pin=C8-1
Added Pin To Net: NetName=VBAT Pin=C8-2
Added Pin To Net: NetName=GND Pin=C9-1
Added Pin To Net: NetName=5V Pin=C9-2
Added Pin To Net: NetName=GND Pin=C10-1
Added Pin To Net: NetName=GND Pin=C13-1
Added Pin To Net: NetName=GND Pin=C14-1
Added Pin To Net: NetName=VP1 Pin=C14-2
Added Pin To Net: NetName=GND Pin=C15-1
Added Pin To Net: NetName=VP1 Pin=C15-2
Added Pin To Net: NetName=GND Pin=C16-1
Added Pin To Net: NetName=GND Pin=C17-1
Added Pin To Net: NetName=GND Pin=C18-1
Added Pin To Net: NetName=GND Pin=C19-2
Added Pin To Net: NetName=GND Pin=C20-2
Added Pin To Net: NetName=GND Pin=C21-1
Added Pin To Net: NetName=NetC22_2 Pin=C22-2
Added Pin To Net: NetName=NetC22_2 Pin=C23-2
Added Pin To Net: NetName=GND Pin=C24-1
Added Pin To Net: NetName=GND Pin=C25-1
Added Pin To Net: NetName=GND Pin=C26-2
Added Pin To Net: NetName=VBAT Pin=C28-1
Added Pin To Net: NetName=GND Pin=C28-2
Added Pin To Net: NetName=GND Pin=C32-1
Added Pin To Net: NetName=VP1 Pin=C32-2
Added Pin To Net: NetName=GND Pin=C36-1
Added Pin To Net: NetName=GND Pin=C37-1
Added Pin To Net: NetName=GND Pin=C38-1
Added Pin To Net: NetName=GND Pin=C39-1
Added Pin To Net: NetName=U_N Pin=D2-1
Added Pin To Net: NetName=U_P Pin=D2-2
Added Pin To Net: NetName=GND Pin=D2-3
Added Pin To Net: NetName=NetD6_2 Pin=D6-2
Added Pin To Net: NetName=VP1 Pin=D7-3
Added Pin To Net: NetName=VP1 Pin=D8-3
Added Pin To Net: NetName=VP1 Pin=D9-3
Added Pin To Net: NetName=5V Pin=L1-1
Added Pin To Net: NetName=NetC22_2 Pin=L2-1
Added Pin To Net: NetName=GND Pin=L3-2
Added Pin To Net: NetName=GND Pin=P2-3
Added Pin To Net: NetName=GND Pin=P2-5
Added Pin To Net: NetName=GND Pin=P7-1
Added Pin To Net: NetName=GND Pin=P7-1
Added Pin To Net: NetName=GND Pin=P7-1
Added Pin To Net: NetName=GND Pin=P7-1
Added Pin To Net: NetName=GND Pin=P7-1
Added Pin To Net: NetName=GND Pin=P8-1
Added Pin To Net: NetName=GND Pin=P12-10
Added Pin To Net: NetName=GND Pin=Q5-1
Added Pin To Net: NetName=VBAT Pin=Q5-3
Added Pin To Net: NetName=VP1 Pin=Q7-4
Added Pin To Net: NetName=VP1 Pin=Q8-4
Added Pin To Net: NetName=VP1 Pin=Q9-4
Added Pin To Net: NetName=GND Pin=Q10-3
Added Pin To Net: NetName=GND Pin=Q11-3
Added Pin To Net: NetName=NetQ13_1 Pin=Q13-1
Added Pin To Net: NetName=GND Pin=Q13-3
Added Pin To Net: NetName=U_N Pin=R2-1
Added Pin To Net: NetName=USB_MCU_N Pin=R2-2
Added Pin To Net: NetName=U_P Pin=R4-1
Added Pin To Net: NetName=USB_MCU_P Pin=R4-2
Added Pin To Net: NetName=GND Pin=R7-1
Added Pin To Net: NetName=NetQ13_1 Pin=R24-1
Added Pin To Net: NetName=GND Pin=R29-2
Added Pin To Net: NetName=GND Pin=R30-2
Added Pin To Net: NetName=GND Pin=R31-2
Added Pin To Net: NetName=GND Pin=R32-2
Added Pin To Net: NetName=GND Pin=R33-2
Added Pin To Net: NetName=GND Pin=R34-2
Added Pin To Net: NetName=GND Pin=R35-2
Added Pin To Net: NetName=GND Pin=R40-2
Added Pin To Net: NetName=GND Pin=R41-2
Added Pin To Net: NetName=NetD6_2 Pin=R44-1
Added Pin To Net: NetName=GND Pin=R44-2
Added Pin To Net: NetName=GND Pin=U2-4
Added Pin To Net: NetName=USB_MCU_P Pin=U2-5
Added Pin To Net: NetName=USB_MCU_N Pin=U2-6
Added Pin To Net: NetName=5V Pin=U2-8
Added Pin To Net: NetName=NetC22_2 Pin=U2-13
Added Pin To Net: NetName=NetC22_2 Pin=U2-14
Added Pin To Net: NetName=GND Pin=U2-31
Added Pin To Net: NetName=GND Pin=U2-47
Added Pin To Net: NetName=VP1 Pin=U3-4
Added Pin To Net: NetName=GND Pin=U3-6
Added Pin To Net: NetName=VP1 Pin=U4-4
Added Pin To Net: NetName=GND Pin=U4-6
Added Pin To Net: NetName=VP1 Pin=U5-4
Added Pin To Net: NetName=GND Pin=U5-6
Added Pin To Net: NetName=VBAT Pin=V1-1
Added Pin To Net: NetName=5V Pin=V1-3
Added Pin To Net: NetName=GND Pin=V1-4
Added Pin To Net: NetName=1A_EXTERN Pin=U2-36
Added Net: Name=1A_EXTERN
Added Pin To Net: NetName=1H_EXTERN Pin=P12-5
Added Pin To Net: NetName=1H_EXTERN Pin=U2-40
Added Net: Name=1H_EXTERN
Added Pin To Net: NetName=1L_EXTERN Pin=P12-3
Added Pin To Net: NetName=1L_EXTERN Pin=U2-39
Added Net: Name=1L_EXTERN
Added Pin To Net: NetName=2A_EXTERN Pin=P12-7
Added Pin To Net: NetName=2A_EXTERN Pin=U2-37
Added Net: Name=2A_EXTERN
Added Pin To Net: NetName=2H_EXTERN Pin=P12-2
Added Pin To Net: NetName=2H_EXTERN Pin=U2-41
Added Net: Name=2H_EXTERN
Added Pin To Net: NetName=2L_EXTERN Pin=P12-9
Added Net: Name=2L_EXTERN
Added Pin To Net: NetName=3.3V Pin=C16-2
Added Pin To Net: NetName=3.3V Pin=C19-1
Added Pin To Net: NetName=3.3V Pin=C20-1
Added Pin To Net: NetName=3.3V Pin=C24-2
Added Pin To Net: NetName=3.3V Pin=C25-2
Added Pin To Net: NetName=3.3V Pin=C26-1
Added Pin To Net: NetName=3.3V Pin=L2-2
Added Pin To Net: NetName=3.3V Pin=P2-1
Added Pin To Net: NetName=3.3V Pin=R43-2
Added Pin To Net: NetName=3.3V Pin=U2-3
Added Pin To Net: NetName=3.3V Pin=U2-7
Added Pin To Net: NetName=3.3V Pin=U2-30
Added Pin To Net: NetName=3.3V Pin=U2-48
Added Net: Name=3.3V
Added Pin To Net: NetName=3A_EXTERN Pin=P12-4
Added Pin To Net: NetName=3A_EXTERN Pin=U2-38
Added Net: Name=3A_EXTERN
Added Pin To Net: NetName=3H_EXTERN Pin=P12-8
Added Pin To Net: NetName=3H_EXTERN Pin=U2-46
Added Net: Name=3H_EXTERN
Added Pin To Net: NetName=3L_EXTERN Pin=P12-6
Added Pin To Net: NetName=3L_EXTERN Pin=U2-35
Added Net: Name=3L_EXTERN
Added Pin To Net: NetName=A_BLMA_1 Pin=R27-2
Added Net: Name=A_BLMA_1
Added Pin To Net: NetName=A_BLMA Pin=U2-43
Added Pin To Net: NetName=A_BLMA Pin=U2-52
Added Net: Name=A_BLMA
Added Pin To Net: NetName=A_BLMH_1 Pin=R29-1
Added Pin To Net: NetName=A_BLMH_1 Pin=U3-3
Added Net: Name=A_BLMH_1
Added Pin To Net: NetName=A_BLMH Pin=U2-60
Added Net: Name=A_BLMH
Added Pin To Net: NetName=A_BLML_1 Pin=R30-1
Added Pin To Net: NetName=A_BLML_1 Pin=U3-2
Added Net: Name=A_BLML_1
Added Pin To Net: NetName=A_BLML Pin=U2-57
Added Net: Name=A_BLML
Added Pin To Net: NetName=A_FB Pin=C10-2
Added Pin To Net: NetName=A_FB Pin=R27-1
Added Pin To Net: NetName=A_FB Pin=R28-2
Added Pin To Net: NetName=A_FB Pin=R33-1
Added Pin To Net: NetName=A_FB Pin=R46-2
Added Net: Name=A_FB
Added Pin To Net: NetName=A_PUMP Pin=C33-2
Added Pin To Net: NetName=A_PUMP Pin=D7-1
Added Pin To Net: NetName=A_PUMP Pin=U3-1
Added Net: Name=A_PUMP
Added Pin To Net: NetName=B_BLMA_1 Pin=R36-2
Added Net: Name=B_BLMA_1
Added Pin To Net: NetName=B_BLMA Pin=U2-44
Added Pin To Net: NetName=B_BLMA Pin=U2-51
Added Net: Name=B_BLMA
Added Pin To Net: NetName=B_BLMH_1 Pin=R31-1
Added Pin To Net: NetName=B_BLMH_1 Pin=U4-3
Added Net: Name=B_BLMH_1
Added Pin To Net: NetName=B_BLMH Pin=U2-53
Added Net: Name=B_BLMH
Added Pin To Net: NetName=B_BLML_1 Pin=R32-1
Added Pin To Net: NetName=B_BLML_1 Pin=U4-2
Added Net: Name=B_BLML_1
Added Pin To Net: NetName=B_BLML Pin=U2-58
Added Net: Name=B_BLML
Added Pin To Net: NetName=B_FB Pin=C38-2
Added Pin To Net: NetName=B_FB Pin=R36-1
Added Pin To Net: NetName=B_FB Pin=R37-2
Added Pin To Net: NetName=B_FB Pin=R40-1
Added Pin To Net: NetName=B_FB Pin=R47-2
Added Net: Name=B_FB
Added Pin To Net: NetName=B_PUMP Pin=C34-2
Added Pin To Net: NetName=B_PUMP Pin=D9-1
Added Pin To Net: NetName=B_PUMP Pin=U4-1
Added Net: Name=B_PUMP
Added Pin To Net: NetName=C_BLMA_1 Pin=R38-2
Added Net: Name=C_BLMA_1
Added Pin To Net: NetName=C_BLMA Pin=U2-18
Added Pin To Net: NetName=C_BLMA Pin=U2-45
Added Net: Name=C_BLMA
Added Pin To Net: NetName=C_BLMH_1 Pin=R34-1
Added Pin To Net: NetName=C_BLMH_1 Pin=U5-3
Added Net: Name=C_BLMH_1
Added Pin To Net: NetName=C_BLMH Pin=U2-54
Added Net: Name=C_BLMH
Added Pin To Net: NetName=C_BLML_1 Pin=R35-1
Added Pin To Net: NetName=C_BLML_1 Pin=U5-2
Added Net: Name=C_BLML_1
Added Pin To Net: NetName=C_BLML Pin=U2-59
Added Net: Name=C_BLML
Added Pin To Net: NetName=C_FB Pin=C39-2
Added Pin To Net: NetName=C_FB Pin=R38-1
Added Pin To Net: NetName=C_FB Pin=R39-2
Added Pin To Net: NetName=C_FB Pin=R41-1
Added Pin To Net: NetName=C_FB Pin=R48-2
Added Net: Name=C_FB
Added Pin To Net: NetName=CMP_OUT Pin=P12-1
Added Pin To Net: NetName=CMP_OUT Pin=U2-1
Added Net: Name=CMP_OUT
Added Pin To Net: NetName=ESC_I_FB Pin=U2-63
Added Net: Name=ESC_I_FB
Added Pin To Net: NetName=EXTAL+ Pin=C17-2
Added Pin To Net: NetName=EXTAL+ Pin=R42-1
Added Pin To Net: NetName=EXTAL+ Pin=U2-32
Added Net: Name=EXTAL+
Added Pin To Net: NetName=EXTAL- Pin=C18-2
Added Pin To Net: NetName=EXTAL- Pin=R42-2
Added Pin To Net: NetName=EXTAL- Pin=U2-33
Added Net: Name=EXTAL-
Added Pin To Net: NetName=KL25_SWD_CLK Pin=P2-4
Added Pin To Net: NetName=KL25_SWD_CLK Pin=U2-22
Added Net: Name=KL25_SWD_CLK
Added Pin To Net: NetName=LED Pin=D6-1
Added Pin To Net: NetName=LED Pin=U2-49
Added Net: Name=LED
Added Pin To Net: NetName=MC_PUMP Pin=U2-42
Added Net: Name=MC_PUMP
Added Pin To Net: NetName=NetC3_1 Pin=C3-1
Added Pin To Net: NetName=NetC3_1 Pin=R7-2
Added Net: Name=NetC3_1
Added Pin To Net: NetName=NetC22_1 Pin=C22-1
Added Pin To Net: NetName=NetC22_1 Pin=C23-1
Added Pin To Net: NetName=NetC22_1 Pin=L3-1
Added Pin To Net: NetName=NetC22_1 Pin=U2-15
Added Pin To Net: NetName=NetC22_1 Pin=U2-16
Added Net: Name=NetC22_1
Added Pin To Net: NetName=NetC35_2 Pin=C35-2
Added Pin To Net: NetName=NetC35_2 Pin=D8-1
Added Pin To Net: NetName=NetC35_2 Pin=U5-1
Added Net: Name=NetC35_2
Added Pin To Net: NetName=NetL1_2 Pin=L1-2
Added Net: Name=NetL1_2
Added Pin To Net: NetName=NetQ7_1 Pin=Q7-1
Added Pin To Net: NetName=NetQ7_1 Pin=R21-1
Added Net: Name=NetQ7_1
Added Pin To Net: NetName=NetQ8_1 Pin=Q8-1
Added Pin To Net: NetName=NetQ8_1 Pin=R22-1
Added Net: Name=NetQ8_1
Added Pin To Net: NetName=NetQ9_1 Pin=Q9-1
Added Pin To Net: NetName=NetQ9_1 Pin=R23-1
Added Net: Name=NetQ9_1
Added Pin To Net: NetName=NetQ10_1 Pin=Q10-1
Added Pin To Net: NetName=NetQ10_1 Pin=R25-1
Added Net: Name=NetQ10_1
Added Pin To Net: NetName=NetQ11_1 Pin=Q11-1
Added Pin To Net: NetName=NetQ11_1 Pin=R26-1
Added Net: Name=NetQ11_1
Added Pin To Net: NetName=NetQ?_1 Pin=Q?-1
Added Pin To Net: NetName=NetQ?_1 Pin=Q?-2
Added Pin To Net: NetName=NetQ?_1 Pin=Q?-3
Added Net: Name=NetQ?_1
Added Pin To Net: NetName=NetR21_2 Pin=R21-2
Added Pin To Net: NetName=NetR21_2 Pin=U3-8
Added Net: Name=NetR21_2
Added Pin To Net: NetName=NetR22_2 Pin=R22-2
Added Pin To Net: NetName=NetR22_2 Pin=U4-8
Added Net: Name=NetR22_2
Added Pin To Net: NetName=NetR23_2 Pin=R23-2
Added Pin To Net: NetName=NetR23_2 Pin=U5-8
Added Net: Name=NetR23_2
Added Pin To Net: NetName=NetR24_2 Pin=R24-2
Added Pin To Net: NetName=NetR24_2 Pin=U3-5
Added Net: Name=NetR24_2
Added Pin To Net: NetName=NetR25_2 Pin=R25-2
Added Pin To Net: NetName=NetR25_2 Pin=U4-5
Added Net: Name=NetR25_2
Added Pin To Net: NetName=NetR26_2 Pin=R26-2
Added Pin To Net: NetName=NetR26_2 Pin=U5-5
Added Net: Name=NetR26_2
Added Pin To Net: NetName=NEUTRAL Pin=R46-1
Added Pin To Net: NetName=NEUTRAL Pin=R47-1
Added Pin To Net: NetName=NEUTRAL Pin=R48-1
Added Pin To Net: NetName=NEUTRAL Pin=U2-17
Added Net: Name=NEUTRAL
Added Pin To Net: NetName=OC_RESET Pin=U2-64
Added Net: Name=OC_RESET
Added Pin To Net: NetName=OUT1 Pin=C13-2
Added Pin To Net: NetName=OUT1 Pin=C33-1
Added Pin To Net: NetName=OUT1 Pin=P9-1
Added Pin To Net: NetName=OUT1 Pin=P9-1
Added Pin To Net: NetName=OUT1 Pin=P9-1
Added Pin To Net: NetName=OUT1 Pin=P9-1
Added Pin To Net: NetName=OUT1 Pin=P9-1
Added Pin To Net: NetName=OUT1 Pin=Q7-3
Added Pin To Net: NetName=OUT1 Pin=Q13-4
Added Pin To Net: NetName=OUT1 Pin=R28-1
Added Pin To Net: NetName=OUT1 Pin=U3-7
Added Net: Name=OUT1
Added Pin To Net: NetName=OUT2 Pin=C34-1
Added Pin To Net: NetName=OUT2 Pin=C36-2
Added Pin To Net: NetName=OUT2 Pin=P10-1
Added Pin To Net: NetName=OUT2 Pin=P10-1
Added Pin To Net: NetName=OUT2 Pin=P10-1
Added Pin To Net: NetName=OUT2 Pin=P10-1
Added Pin To Net: NetName=OUT2 Pin=P10-1
Added Pin To Net: NetName=OUT2 Pin=Q8-3
Added Pin To Net: NetName=OUT2 Pin=Q10-4
Added Pin To Net: NetName=OUT2 Pin=R37-1
Added Pin To Net: NetName=OUT2 Pin=U4-7
Added Net: Name=OUT2
Added Pin To Net: NetName=OUT3 Pin=C35-1
Added Pin To Net: NetName=OUT3 Pin=C37-2
Added Pin To Net: NetName=OUT3 Pin=P11-1
Added Pin To Net: NetName=OUT3 Pin=P11-1
Added Pin To Net: NetName=OUT3 Pin=P11-1
Added Pin To Net: NetName=OUT3 Pin=P11-1
Added Pin To Net: NetName=OUT3 Pin=P11-1
Added Pin To Net: NetName=OUT3 Pin=Q9-3
Added Pin To Net: NetName=OUT3 Pin=Q11-4
Added Pin To Net: NetName=OUT3 Pin=R39-1
Added Pin To Net: NetName=OUT3 Pin=U5-7
Added Net: Name=OUT3
Added Pin To Net: NetName=RST_TGTMCU Pin=C21-2
Added Pin To Net: NetName=RST_TGTMCU Pin=P2-10
Added Pin To Net: NetName=RST_TGTMCU Pin=R43-1
Added Pin To Net: NetName=RST_TGTMCU Pin=U2-34
Added Net: Name=RST_TGTMCU
Added Pin To Net: NetName=SWD_DIO_TGTMCU Pin=P2-2
Added Pin To Net: NetName=SWD_DIO_TGTMCU Pin=U2-25
Added Net: Name=SWD_DIO_TGTMCU
Added Pin To Net: NetName=VIN Pin=C7-2
Added Pin To Net: NetName=VIN Pin=P3-1
Added Pin To Net: NetName=VIN Pin=P3-1
Added Pin To Net: NetName=VIN Pin=P3-1
Added Pin To Net: NetName=VIN Pin=P3-1
Added Pin To Net: NetName=VIN Pin=P3-1
Added Pin To Net: NetName=VIN Pin=Q5-4
Added Net: Name=VIN
Added Class: Name=ESC3
