Removed Pin From Net: NetName=NetQ1_4 Pin=R21-1
Removed Pin From Net: NetName=NetQ2_4 Pin=R22-1
Removed Pin From Net: NetName=NetQ3_4 Pin=R23-1
Removed Pin From Net: NetName=NetQ4_4 Pin=R24-1
Removed Pin From Net: NetName=NetQ6_4 Pin=R25-1
Removed Pin From Net: NetName=NetQ7_4 Pin=R26-1
Removed Pin From Net: NetName=A_BLMH_1 Pin=R29-1
Removed Pin From Net: NetName=GND Pin=R29-2
Removed Pin From Net: NetName=A_BLML_1 Pin=R30-1
Removed Pin From Net: NetName=GND Pin=R30-2
Removed Pin From Net: NetName=B_BLMH_1 Pin=R31-1
Removed Pin From Net: NetName=GND Pin=R31-2
Removed Pin From Net: NetName=B_BLML_1 Pin=R32-1
Removed Pin From Net: NetName=GND Pin=R32-2
Removed Pin From Net: NetName=C_BLMH_1 Pin=R34-1
Removed Pin From Net: NetName=GND Pin=R34-2
Removed Pin From Net: NetName=C_BLML_1 Pin=R35-1
Removed Pin From Net: NetName=GND Pin=R35-2
Removed Member From Class: ClassName=ESC3 Member=R21
Removed Member From Class: ClassName=ESC3 Member=R22
Removed Member From Class: ClassName=ESC3 Member=R23
Removed Member From Class: ClassName=ESC3 Member=R24
Removed Member From Class: ClassName=ESC3 Member=R25
Removed Member From Class: ClassName=ESC3 Member=R26
Removed Member From Class: ClassName=ESC3 Member=R29
Removed Member From Class: ClassName=ESC3 Member=R30
Removed Member From Class: ClassName=ESC3 Member=R31
Removed Member From Class: ClassName=ESC3 Member=R32
Removed Member From Class: ClassName=ESC3 Member=R34
Removed Member From Class: ClassName=ESC3 Member=R35
Added Pin To Net: NetName=NetQ4_4 Pin=U3-5
Added Pin To Net: NetName=NetQ1_4 Pin=U3-8
Added Pin To Net: NetName=NetQ6_4 Pin=U4-5
Added Pin To Net: NetName=NetQ2_4 Pin=U4-8
Added Pin To Net: NetName=NetQ7_4 Pin=U5-5
Added Pin To Net: NetName=NetQ3_4 Pin=U5-8
