Removed Pin From Net: NetName=5V Pin=C1-1
Removed Pin From Net: NetName=GND Pin=C1-2
Removed Pin From Net: NetName=5V Pin=C2-1
Removed Pin From Net: NetName=GND Pin=C2-2
Removed Pin From Net: NetName=GND Pin=C3-2
Removed Pin From Net: NetName=GND Pin=C13-1
Removed Pin From Net: NetName=OUT1 Pin=C13-2
Removed Pin From Net: NetName=GND Pin=C36-1
Removed Pin From Net: NetName=OUT2 Pin=C36-2
Removed Pin From Net: NetName=GND Pin=C37-1
Removed Pin From Net: NetName=OUT3 Pin=C37-2
Removed Pin From Net: NetName=GND Pin=D2-3
Removed Pin From Net: NetName=5V Pin=L1-1
Removed Pin From Net: NetName=USB_MCU_N Pin=R2-2
Removed Pin From Net: NetName=USB_MCU_P Pin=R4-2
Removed Pin From Net: NetName=GND Pin=R7-1
Removed Member From Class: ClassName=ESC3 Member=C1
Removed Member From Class: ClassName=ESC3 Member=C2
Removed Member From Class: ClassName=ESC3 Member=C3
Removed Member From Class: ClassName=ESC3 Member=C13
Removed Member From Class: ClassName=ESC3 Member=C36
Removed Member From Class: ClassName=ESC3 Member=C37
Removed Member From Class: ClassName=ESC3 Member=D2
Removed Member From Class: ClassName=ESC3 Member=L1
Removed Member From Class: ClassName=ESC3 Member=R2
Removed Member From Class: ClassName=ESC3 Member=R4
Removed Member From Class: ClassName=ESC3 Member=R7
