Removed Pin From Net: NetName=GND Pin=P1-1
Removed Pin From Net: NetName=VBAT Pin=P1-2
Removed Pin From Net: NetName=VBAT Pin=P1-2
Removed Pin From Net: NetName=VBAT Pin=P1-2
Removed Pin From Net: NetName=VBAT Pin=P1-2
Removed Pin From Net: NetName=SCL Pin=R14-1
Removed Pin From Net: NetName=NetP5_3 Pin=R14-2
Removed Pin From Net: NetName=SCL Pin=R16-1
Removed Pin From Net: NetName=NetP6_3 Pin=R16-2
Added Pin To Net: NetName=SMA_IN Pin=P1-1
Added Pin To Net: NetName=GND Pin=P1-2
Added Pin To Net: NetName=GND Pin=P1-2
Added Pin To Net: NetName=GND Pin=P1-2
Added Pin To Net: NetName=GND Pin=P1-2
Added Pin To Net: NetName=GND Pin=P9-1
Added Pin To Net: NetName=VBAT Pin=P9-2
Added Pin To Net: NetName=SMA_IN Pin=R14-1
Added Pin To Net: NetName=NetC10_2 Pin=R14-2
Added Pin To Net: NetName=GND Pin=R16-1
Added Pin To Net: NetName=NetR16_2 Pin=R16-2
Added Pin To Net: NetName=SCL Pin=R24-1
Added Pin To Net: NetName=NetP5_3 Pin=R24-2
Added Pin To Net: NetName=SCL Pin=R25-1
Added Pin To Net: NetName=NetP6_3 Pin=R25-2
Added Member To Class: ClassName=Flight_Controller2 Member=Component P9 1934861
Added Member To Class: ClassName=Flight_Controller2 Member=Component R24 MCR03ERTF33R0
Added Member To Class: ClassName=Flight_Controller2 Member=Component R25 MCR03ERTF33R0
