Added Component: Designator=U1(LQFP64_10mm_0.5mm)
Added Pin To Net: NetName=SDA Pin=U1-1
Added Pin To Net: NetName=SCL Pin=U1-2
Added Pin To Net: NetName=3.3V Pin=U1-3
Added Pin To Net: NetName=GND Pin=U1-4
Added Pin To Net: NetName=USB_MCU_P Pin=U1-5
Added Pin To Net: NetName=USB_MCU_N Pin=U1-6
Added Pin To Net: NetName=USB_PWR Pin=U1-7
Added Pin To Net: NetName=3.3V Pin=U1-13
Added Pin To Net: NetName=3.3V Pin=U1-14
Added Pin To Net: NetName=GND Pin=U1-15
Added Pin To Net: NetName=GND Pin=U1-16
Added Pin To Net: NetName=3.3V Pin=U1-21
Added Pin To Net: NetName=K22F_SWD_CLK Pin=U1-22
Added Pin To Net: NetName=SWD_DIO_TGTMCU Pin=U1-25
Added Pin To Net: NetName=B_LED Pin=U1-27
Added Pin To Net: NetName=R_LED Pin=U1-28
Added Pin To Net: NetName=G_LED Pin=U1-29
Added Pin To Net: NetName=3.3V Pin=U1-30
Added Pin To Net: NetName=GND Pin=U1-31
Added Pin To Net: NetName=12MHZ_XIN Pin=U1-32
Added Pin To Net: NetName=12MHZ_XOUT Pin=U1-33
Added Pin To Net: NetName=RST_TGTMCU Pin=U1-34
Added Pin To Net: NetName=PWM_CH0 Pin=U1-44
Added Pin To Net: NetName=PWM_CH1 Pin=U1-45
Added Pin To Net: NetName=PWM_CH2 Pin=U1-46
Added Pin To Net: NetName=GND Pin=U1-47
Added Pin To Net: NetName=3.3V Pin=U1-48
Added Pin To Net: NetName=PWM_CH3 Pin=U1-49
Added Pin To Net: NetName=SCLK2 Pin=U1-50
Added Pin To Net: NetName=MOSI2 Pin=U1-51
Added Pin To Net: NetName=MISO2 Pin=U1-52
Added Pin To Net: NetName=MPU_INT Pin=U1-53
Added Pin To Net: NetName=NCS2 Pin=U1-54
Added Pin To Net: NetName=GDO0 Pin=U1-59
Added Pin To Net: NetName=GDO2 Pin=U1-60
Added Pin To Net: NetName=NCS1 Pin=U1-61
Added Pin To Net: NetName=SCLK1 Pin=U1-62
Added Pin To Net: NetName=MOSI1 Pin=U1-63
Added Pin To Net: NetName=MISO1 Pin=U1-64
Added Member To Class: ClassName=Flight_Controller3 Member=Component U1 MK22FN128VLH10
