Removed Pin From Net: NetName=3.3V Pin=C12-2
Removed Pin From Net: NetName=3.3V Pin=C13-2
Removed Pin From Net: NetName=3.3V Pin=C14-2
Removed Pin From Net: NetName=3.3V Pin=C15-2
Removed Pin From Net: NetName=3.3V Pin=U4-9
Removed Pin From Net: NetName=3.3V Pin=U4-11
Removed Pin From Net: NetName=3.3V Pin=U4-14
Removed Pin From Net: NetName=3.3V Pin=U4-15
Added Component: Designator=L?(1608[0603]L)
Added Pin To Net: NetName=3.3V Pin=L?-1
Added Pin To Net: NetName=3V3CC Pin=C12-2
Added Pin To Net: NetName=3V3CC Pin=C13-2
Added Pin To Net: NetName=3V3CC Pin=C14-2
Added Pin To Net: NetName=3V3CC Pin=C15-2
Added Pin To Net: NetName=3V3CC Pin=L?-2
Added Pin To Net: NetName=3V3CC Pin=U4-9
Added Pin To Net: NetName=3V3CC Pin=U4-11
Added Pin To Net: NetName=3V3CC Pin=U4-14
Added Pin To Net: NetName=3V3CC Pin=U4-15
Added Net: Name=3V3CC
Added Member To Class: ClassName=Flight_Controller2 Member=Component L? CIM10U800NC
